000.000 =============================================================
000.000                     Station A                               
000.000 -------------------------------------------------------------
000.000 Protocol.lib, version 4.0, jiangyanjun0718@bupt.edu.cn
000.000 Channel: 8000 bps, 270 ms propagation delay, bit error rate 1.0E-04
000.000 Log file "datalink-A.log", TCP port 59144, debug mask 0x00
000.000 Station A is waiting for station B on TCP port 59144 ... Done.
000.098 New epoch: Tue Nov 27 21:22:02 2018
000.098 =================================================================
000.098 
000.098 Designed by ’≈…‹¿⁄, build: Nov 27 2018  15:38:03
004.881 .... 2 packets received, 908 bps, 11.35%, Err 5 (1.3e-04)
008.059 .... 10 packets received, 2663 bps, 33.29%, Err 5 (7.9e-05)
010.183 .... 19 packets received, 3965 bps, 49.56%, Err 8 (9.9e-05)
012.307 .... 25 packets received, 4289 bps, 53.61%, Err 9 (9.2e-05)
014.430 .... 31 packets received, 4515 bps, 56.44%, Err 10 (8.7e-05)
019.459 .... 32 packets received, 3433 bps, 42.91%, Err 18 (1.2e-04)
022.655 .... 37 packets received, 3400 bps, 42.50%, Err 20 (1.1e-04)
025.828 .... 51 packets received, 4103 bps, 51.28%, Err 22 (1.1e-04)
029.023 .... 59 packets received, 4217 bps, 52.71%, Err 25 (1.1e-04)
031.130 .... 73 packets received, 4860 bps, 60.75%, Err 25 (1.0e-04)
033.256 .... 81 packets received, 5044 bps, 63.05%, Err 25 (9.4e-05)
035.380 .... 88 packets received, 5148 bps, 64.35%, Err 26 (9.2e-05)
040.410 .... 92 packets received, 4706 bps, 58.82%, Err 33 (1.0e-04)
043.843 .... 100 packets received, 4711 bps, 58.89%, Err 33 (9.4e-05)
048.617 .... 101 packets received, 4287 bps, 53.59%, Err 36 (9.3e-05)
052.063 .... 121 packets received, 4794 bps, 59.92%, Err 38 (9.1e-05)
054.989 .... 128 packets received, 4799 bps, 59.99%, Err 41 (9.3e-05)
057.903 .... 135 packets received, 4806 bps, 60.07%, Err 45 (9.7e-05)
061.063 .... 143 packets received, 4825 bps, 60.32%, Err 48 (9.8e-05)
065.310 .... 151 packets received, 4762 bps, 59.52%, Err 52 (1.0e-04)
068.743 .... 166 packets received, 4972 bps, 62.15%, Err 54 (9.8e-05)
070.864 .... 174 packets received, 5055 bps, 63.19%, Err 55 (9.7e-05)
073.786 .... 176 packets received, 4910 bps, 61.37%, Err 56 (9.5e-05)
075.910 .... 190 packets received, 5151 bps, 64.39%, Err 57 (9.4e-05)
078.802 .... 196 packets received, 5118 bps, 63.97%, Err 58 (9.2e-05)
080.941 .... 203 packets received, 5160 bps, 64.50%, Err 60 (9.3e-05)
085.968 .... 211 packets received, 5048 bps, 63.10%, Err 65 (9.5e-05)
089.413 .... 219 packets received, 5037 bps, 62.96%, Err 68 (9.5e-05)
091.506 .... 221 packets received, 4966 bps, 62.08%, Err 69 (9.4e-05)
094.701 .... 226 packets received, 4907 bps, 61.33%, Err 75 (9.9e-05)
097.879 .... 237 packets received, 4978 bps, 62.22%, Err 78 (1.0e-04)
101.055 .... 240 packets received, 4882 bps, 61.02%, Err 85 (1.1e-04)
104.504 .... 246 packets received, 4838 bps, 60.48%, Err 88 (1.1e-04)
106.882 .... 247 packets received, 4749 bps, 59.37%, Err 92 (1.1e-04)
110.328 .... 254 packets received, 4731 bps, 59.13%, Err 95 (1.1e-04)
113.777 .... 261 packets received, 4713 bps, 58.92%, Err 100 (1.1e-04)
119.866 .... 272 packets received, 4662 bps, 58.27%, Err 107 (1.1e-04)
123.317 .... 277 packets received, 4614 bps, 57.68%, Err 109 (1.1e-04)
125.440 .... 290 packets received, 4749 bps, 59.36%, Err 110 (1.1e-04)
127.547 .... 295 packets received, 4751 bps, 59.38%, Err 110 (1.1e-04)
129.928 .... 298 packets received, 4711 bps, 58.88%, Err 111 (1.1e-04)
135.226 .... 305 packets received, 4632 bps, 57.90%, Err 113 (1.0e-04)
137.347 .... 321 packets received, 4799 bps, 59.99%, Err 116 (1.1e-04)
140.526 .... 324 packets received, 4734 bps, 59.18%, Err 117 (1.0e-04)
142.650 .... 338 packets received, 4865 bps, 60.81%, Err 118 (1.0e-04)
145.842 .... 340 packets received, 4787 bps, 59.83%, Err 120 (1.0e-04)
149.022 .... 352 packets received, 4850 bps, 60.62%, Err 121 (1.0e-04)
154.323 .... 360 packets received, 4789 bps, 59.86%, Err 128 (1.0e-04)
157.500 .... 373 packets received, 4862 bps, 60.77%, Err 129 (1.0e-04)
159.866 .... 380 packets received, 4879 bps, 60.99%, Err 131 (1.0e-04)
163.332 .... 385 packets received, 4838 bps, 60.48%, Err 133 (1.0e-04)
166.777 .... 397 packets received, 4886 bps, 61.07%, Err 136 (1.0e-04)
169.969 .... 408 packets received, 4927 bps, 61.58%, Err 139 (1.0e-04)
172.352 .... 414 packets received, 4930 bps, 61.63%, Err 140 (1.0e-04)
174.476 .... 426 packets received, 5011 bps, 62.64%, Err 140 (1.0e-04)
176.600 .... 434 packets received, 5044 bps, 63.04%, Err 140 (9.9e-05)
179.509 .... 437 packets received, 4996 bps, 62.45%, Err 144 (1.0e-04)
182.432 .... 441 packets received, 4961 bps, 62.01%, Err 148 (1.0e-04)
185.344 .... 451 packets received, 4993 bps, 62.42%, Err 151 (1.0e-04)
187.452 .... 459 packets received, 5025 bps, 62.81%, Err 152 (1.0e-04)
190.116 .... 465 packets received, 5019 bps, 62.74%, Err 154 (1.0e-04)
193.027 .... 474 packets received, 5039 bps, 62.98%, Err 156 (1.0e-04)
197.009 .... 477 packets received, 4968 bps, 62.10%, Err 157 (1.0e-04)
200.170 .... 494 packets received, 5064 bps, 63.29%, Err 160 (1.0e-04)
202.294 .... 505 packets received, 5122 bps, 64.02%, Err 161 (1.0e-04)
205.216 .... 512 packets received, 5119 bps, 63.99%, Err 162 (9.9e-05)
208.395 .... 522 packets received, 5139 bps, 64.24%, Err 165 (9.9e-05)
211.046 .... 528 packets received, 5133 bps, 64.16%, Err 170 (1.0e-04)
213.941 .... 533 packets received, 5111 bps, 63.89%, Err 172 (1.0e-04)
217.118 .... 545 packets received, 5150 bps, 64.37%, Err 174 (1.0e-04)
220.310 .... 551 packets received, 5131 bps, 64.13%, Err 176 (1.0e-04)
223.743 .... 562 packets received, 5153 bps, 64.41%, Err 179 (1.0e-04)
226.919 .... 569 packets received, 5144 bps, 64.30%, Err 181 (1.0e-04)
230.096 .... 578 packets received, 5153 bps, 64.41%, Err 185 (1.0e-04)
233.283 .... 586 packets received, 5153 bps, 64.41%, Err 188 (1.0e-04)
236.455 .... 593 packets received, 5144 bps, 64.30%, Err 192 (1.0e-04)
239.922 .... 600 packets received, 5130 bps, 64.12%, Err 195 (1.0e-04)
243.087 .... 606 packets received, 5113 bps, 63.92%, Err 196 (1.0e-04)
246.263 .... 616 packets received, 5131 bps, 64.13%, Err 197 (1.0e-04)
248.388 .... 628 packets received, 5186 bps, 64.82%, Err 198 (1.0e-04)
251.566 .... 630 packets received, 5136 bps, 64.20%, Err 200 (9.9e-05)
254.729 .... 642 packets received, 5169 bps, 64.61%, Err 203 (1.0e-04)
258.194 .... 654 packets received, 5195 bps, 64.94%, Err 205 (9.9e-05)
260.302 .... 665 packets received, 5240 bps, 65.49%, Err 206 (9.9e-05)
262.426 .... 671 packets received, 5244 bps, 65.55%, Err 207 (9.9e-05)
264.548 .... 673 packets received, 5217 bps, 65.22%, Err 208 (9.8e-05)
266.656 .... 686 packets received, 5276 bps, 65.95%, Err 208 (9.8e-05)
269.580 .... 692 packets received, 5264 bps, 65.80%, Err 211 (9.8e-05)
273.029 .... 700 packets received, 5258 bps, 65.72%, Err 214 (9.8e-05)
275.410 .... 701 packets received, 5220 bps, 65.25%, Err 216 (9.8e-05)
281.218 .... 715 packets received, 5214 bps, 65.17%, Err 224 (1.0e-04)
284.938 .... 719 packets received, 5175 bps, 64.68%, Err 230 (1.0e-04)
288.114 .... 729 packets received, 5189 bps, 64.86%, Err 231 (1.0e-04)
291.565 .... 744 packets received, 5233 bps, 65.41%, Err 234 (1.0e-04)
294.713 .... 748 packets received, 5204 bps, 65.06%, Err 235 (1.0e-04)
297.904 .... 759 packets received, 5224 bps, 65.30%, Err 239 (1.0e-04)
301.100 .... 763 packets received, 5196 bps, 64.95%, Err 241 (1.0e-04)
303.225 .... 776 packets received, 5248 bps, 65.59%, Err 242 (1.0e-04)
305.332 .... 779 packets received, 5231 bps, 65.39%, Err 243 (1.0e-04)
307.712 .... 783 packets received, 5218 bps, 65.22%, Err 244 (9.9e-05)
310.362 .... 792 packets received, 5232 bps, 65.41%, Err 248 (1.0e-04)
313.540 .... 795 packets received, 5199 bps, 64.99%, Err 250 (1.0e-04)
316.732 .... 800 packets received, 5179 bps, 64.74%, Err 251 (9.9e-05)
319.893 .... 809 packets received, 5185 bps, 64.82%, Err 257 (1.0e-04)
323.083 .... 811 packets received, 5147 bps, 64.33%, Err 259 (1.0e-04)
326.259 .... 819 packets received, 5147 bps, 64.34%, Err 261 (1.0e-04)
329.179 .... 828 packets received, 5157 bps, 64.47%, Err 264 (1.0e-04)
332.355 .... 833 packets received, 5139 bps, 64.23%, Err 267 (1.0e-04)
335.790 .... 846 packets received, 5165 bps, 64.57%, Err 269 (1.0e-04)
337.916 .... 848 packets received, 5145 bps, 64.31%, Err 271 (1.0e-04)
341.081 .... 858 packets received, 5157 bps, 64.47%, Err 272 (1.0e-04)
343.206 .... 868 packets received, 5185 bps, 64.81%, Err 274 (1.0e-04)
345.314 .... 871 packets received, 5171 bps, 64.64%, Err 275 (1.0e-04)
349.014 .... 883 packets received, 5187 bps, 64.84%, Err 277 (9.9e-05)
354.066 .... 892 packets received, 5165 bps, 64.56%, Err 282 (1.0e-04)
357.242 .... 894 packets received, 5130 bps, 64.13%, Err 283 (9.9e-05)
359.889 .... 907 packets received, 5167 bps, 64.58%, Err 284 (9.9e-05)
364.654 .... 912 packets received, 5127 bps, 64.09%, Err 293 (1.0e-04)
368.375 .... 919 packets received, 5114 bps, 63.93%, Err 294 (1.0e-04)
372.335 .... 920 packets received, 5065 bps, 63.32%, Err 296 (9.9e-05)
376.584 .... 930 packets received, 5063 bps, 63.28%, Err 301 (1.0e-04)
379.766 .... 942 packets received, 5085 bps, 63.56%, Err 305 (1.0e-04)
383.739 .... 950 packets received, 5075 bps, 63.44%, Err 310 (1.0e-04)
386.900 .... 964 packets received, 5108 bps, 63.85%, Err 312 (1.0e-04)
389.043 .... 971 packets received, 5116 bps, 63.95%, Err 313 (1.0e-04)
391.168 .... 979 packets received, 5131 bps, 64.13%, Err 314 (1.0e-04)
393.282 .... 986 packets received, 5139 bps, 64.24%, Err 314 (1.0e-04)
396.732 .... 990 packets received, 5115 bps, 63.94%, Err 319 (1.0e-04)
400.151 .... 998 packets received, 5113 bps, 63.91%, Err 322 (1.0e-04)
402.280 .... 1007 packets received, 5131 bps, 64.14%, Err 324 (1.0e-04)
404.406 .... 1009 packets received, 5114 bps, 63.93%, Err 325 (1.0e-04)
406.516 .... 1020 packets received, 5143 bps, 64.29%, Err 325 (1.0e-04)
411.289 .... 1023 packets received, 5099 bps, 63.73%, Err 331 (1.0e-04)
414.721 .... 1030 packets received, 5091 bps, 63.64%, Err 332 (1.0e-04)
419.228 .... 1038 packets received, 5075 bps, 63.44%, Err 338 (1.0e-04)
421.259 TCP Disconnected.
