000.000 =============================================================
000.000                     Station B                               
000.000 -------------------------------------------------------------
000.000 Protocol.lib, version 4.0, jiangyanjun0718@bupt.edu.cn
000.000 Channel: 8000 bps, 270 ms propagation delay, bit error rate 1.0E-04
000.000 Log file "datalink-B.log", TCP port 59144, debug mask 0x00
000.000 Station B is connecting station A (TCP port 59144) ... Done.
000.098 New epoch: Tue Nov 27 21:22:02 2018
000.098 =================================================================
000.098 
000.098 Designed by ’≈…‹¿⁄, build: Nov 27 2018  15:38:03
002.504 .... 8 packets received, 7678 bps, 95.97%, Err 1 (5.2e-05)
005.679 .... 10 packets received, 3857 bps, 48.21%, Err 4 (9.0e-05)
009.122 .... 19 packets received, 4446 bps, 55.57%, Err 8 (1.1e-04)
012.317 .... 24 packets received, 4114 bps, 51.42%, Err 9 (9.2e-05)
014.438 .... 36 packets received, 5241 bps, 65.51%, Err 10 (8.7e-05)
017.867 .... 39 packets received, 4565 bps, 57.06%, Err 12 (8.5e-05)
020.519 .... 47 packets received, 4777 bps, 59.71%, Err 16 (9.8e-05)
023.981 .... 55 packets received, 4770 bps, 59.63%, Err 20 (1.0e-04)
027.155 .... 61 packets received, 4664 bps, 58.30%, Err 21 (9.7e-05)
030.604 .... 74 packets received, 5012 bps, 62.66%, Err 25 (1.0e-04)
032.714 .... 82 packets received, 5192 bps, 64.90%, Err 29 (1.1e-04)
035.894 .... 85 packets received, 4900 bps, 61.25%, Err 31 (1.1e-04)
038.511 .... 97 packets received, 5208 bps, 65.10%, Err 33 (1.1e-04)
041.175 .... 106 packets received, 5320 bps, 66.50%, Err 35 (1.1e-04)
045.153 .... 113 packets received, 5168 bps, 64.59%, Err 39 (1.1e-04)
047.516 .... 117 packets received, 5082 bps, 63.53%, Err 42 (1.1e-04)
049.898 .... 130 packets received, 5375 bps, 67.19%, Err 42 (1.1e-04)
052.291 .... 133 packets received, 5246 bps, 65.58%, Err 45 (1.1e-04)
054.926 .... 139 packets received, 5218 bps, 65.22%, Err 47 (1.1e-04)
058.120 .... 152 packets received, 5390 bps, 67.38%, Err 48 (1.0e-04)
060.516 .... 160 packets received, 5448 bps, 68.10%, Err 50 (1.0e-04)
063.419 .... 165 packets received, 5360 bps, 66.99%, Err 52 (1.0e-04)
065.525 .... 180 packets received, 5658 bps, 70.72%, Err 52 (9.9e-05)
071.346 .... 187 packets received, 5396 bps, 67.45%, Err 58 (1.0e-04)
073.996 .... 197 packets received, 5480 bps, 68.50%, Err 59 (1.0e-04)
078.779 .... 200 packets received, 5224 bps, 65.30%, Err 65 (1.0e-04)
081.681 .... 208 packets received, 5239 bps, 65.49%, Err 67 (1.0e-04)
086.989 .... 209 packets received, 4941 bps, 61.77%, Err 73 (1.1e-04)
090.960 .... 220 packets received, 4974 bps, 62.17%, Err 76 (1.0e-04)
095.458 .... 223 packets received, 4803 bps, 60.04%, Err 80 (1.0e-04)
098.631 .... 232 packets received, 4835 bps, 60.44%, Err 83 (1.1e-04)
100.756 .... 246 packets received, 5019 bps, 62.73%, Err 85 (1.1e-04)
102.878 .... 252 packets received, 5035 bps, 62.93%, Err 85 (1.0e-04)
106.052 .... 259 packets received, 5019 bps, 62.74%, Err 87 (1.0e-04)
108.176 .... 270 packets received, 5129 bps, 64.11%, Err 87 (1.0e-04)
111.096 .... 275 packets received, 5086 bps, 63.58%, Err 90 (1.0e-04)
114.542 .... 281 packets received, 5040 bps, 63.01%, Err 93 (1.0e-04)
117.722 .... 287 packets received, 5009 bps, 62.61%, Err 95 (1.0e-04)
120.092 .... 288 packets received, 4927 bps, 61.58%, Err 97 (1.0e-04)
124.340 .... 298 packets received, 4923 bps, 61.54%, Err 100 (1.0e-04)
127.815 .... 313 packets received, 5030 bps, 62.87%, Err 100 (9.8e-05)
130.211 .... 317 packets received, 5000 bps, 62.50%, Err 102 (9.8e-05)
133.372 .... 324 packets received, 4989 bps, 62.36%, Err 106 (9.9e-05)
137.614 .... 332 packets received, 4954 bps, 61.93%, Err 108 (9.8e-05)
139.741 .... 345 packets received, 5070 bps, 63.37%, Err 112 (1.0e-04)
142.916 .... 347 packets received, 4985 bps, 62.32%, Err 115 (1.0e-04)
146.092 .... 354 packets received, 4975 bps, 62.19%, Err 119 (1.0e-04)
149.269 .... 367 packets received, 5048 bps, 63.10%, Err 119 (1.0e-04)
152.446 .... 374 packets received, 5037 bps, 62.96%, Err 122 (1.0e-04)
155.621 .... 381 packets received, 5026 bps, 62.82%, Err 126 (1.0e-04)
159.610 .... 388 packets received, 4990 bps, 62.38%, Err 131 (1.0e-04)
162.774 .... 392 packets received, 4943 bps, 61.79%, Err 134 (1.0e-04)
164.897 .... 405 packets received, 5041 bps, 63.02%, Err 135 (1.0e-04)
167.002 .... 412 packets received, 5064 bps, 63.30%, Err 135 (1.0e-04)
169.125 .... 418 packets received, 5073 bps, 63.41%, Err 136 (1.0e-04)
171.250 .... 424 packets received, 5082 bps, 63.52%, Err 136 (9.9e-05)
173.359 .... 428 packets received, 5067 bps, 63.34%, Err 139 (1.0e-04)
176.023 .... 432 packets received, 5037 bps, 62.96%, Err 142 (1.0e-04)
178.656 .... 439 packets received, 5043 bps, 63.04%, Err 147 (1.0e-04)
181.308 .... 444 packets received, 5026 bps, 62.82%, Err 148 (1.0e-04)
184.758 .... 447 packets received, 4965 bps, 62.06%, Err 150 (1.0e-04)
187.690 .... 463 packets received, 5062 bps, 63.28%, Err 151 (1.0e-04)
189.781 .... 470 packets received, 5082 bps, 63.52%, Err 152 (1.0e-04)
192.708 .... 478 packets received, 5090 bps, 63.62%, Err 155 (1.0e-04)
195.360 .... 484 packets received, 5083 bps, 63.54%, Err 157 (1.0e-04)
199.582 .... 491 packets received, 5048 bps, 63.10%, Err 160 (1.0e-04)
201.705 .... 498 packets received, 5066 bps, 63.32%, Err 162 (1.0e-04)
204.611 .... 509 packets received, 5104 bps, 63.80%, Err 164 (1.0e-04)
206.736 .... 520 packets received, 5161 bps, 64.51%, Err 165 (1.0e-04)
208.845 .... 524 packets received, 5148 bps, 64.35%, Err 167 (1.0e-04)
214.166 .... 532 packets received, 5096 bps, 63.70%, Err 171 (1.0e-04)
217.341 .... 548 packets received, 5173 bps, 64.66%, Err 174 (1.0e-04)
219.466 .... 555 packets received, 5188 bps, 64.85%, Err 176 (1.0e-04)
224.254 .... 556 packets received, 5086 bps, 63.58%, Err 180 (1.0e-04)
226.363 .... 572 packets received, 5184 bps, 64.79%, Err 180 (9.9e-05)
229.543 .... 578 packets received, 5165 bps, 64.57%, Err 182 (9.9e-05)
232.470 .... 583 packets received, 5144 bps, 64.30%, Err 185 (1.0e-04)
235.106 .... 586 packets received, 5113 bps, 63.91%, Err 187 (9.9e-05)
238.294 .... 593 packets received, 5104 bps, 63.80%, Err 189 (9.9e-05)
241.484 .... 602 packets received, 5113 bps, 63.92%, Err 193 (1.0e-04)
244.134 .... 603 packets received, 5066 bps, 63.33%, Err 197 (1.0e-04)
247.309 .... 610 packets received, 5059 bps, 63.24%, Err 198 (1.0e-04)
252.349 .... 619 packets received, 5031 bps, 62.89%, Err 203 (1.0e-04)
255.524 .... 631 packets received, 5065 bps, 63.31%, Err 205 (1.0e-04)
260.822 .... 642 packets received, 5048 bps, 63.10%, Err 209 (1.0e-04)
265.052 .... 654 packets received, 5060 bps, 63.25%, Err 214 (1.0e-04)
270.081 .... 661 packets received, 5019 bps, 62.74%, Err 219 (1.0e-04)
277.246 .... 675 packets received, 4993 bps, 62.41%, Err 225 (1.0e-04)
280.692 .... 679 packets received, 4961 bps, 62.01%, Err 227 (1.0e-04)
282.801 .... 694 packets received, 5032 bps, 62.91%, Err 227 (1.0e-04)
284.909 .... 696 packets received, 5010 bps, 62.62%, Err 229 (1.0e-04)
288.898 .... 701 packets received, 4976 bps, 62.20%, Err 232 (1.0e-04)
292.075 .... 714 packets received, 5013 bps, 62.66%, Err 234 (1.0e-04)
294.997 .... 717 packets received, 4984 bps, 62.30%, Err 237 (1.0e-04)
298.174 .... 726 packets received, 4993 bps, 62.41%, Err 238 (1.0e-04)
300.299 .... 737 packets received, 5032 bps, 62.91%, Err 239 (1.0e-04)
302.936 .... 741 packets received, 5016 bps, 62.70%, Err 242 (1.0e-04)
306.386 .... 748 packets received, 5006 bps, 62.57%, Err 245 (1.0e-04)
311.423 .... 759 packets received, 4997 bps, 62.47%, Err 251 (1.0e-04)
314.601 .... 771 packets received, 5025 bps, 62.81%, Err 253 (1.0e-04)
316.722 .... 783 packets received, 5069 bps, 63.36%, Err 253 (1.0e-04)
318.828 .... 791 packets received, 5087 bps, 63.59%, Err 253 (9.9e-05)
321.744 .... 797 packets received, 5079 bps, 63.49%, Err 255 (9.9e-05)
324.950 .... 803 packets received, 5067 bps, 63.33%, Err 259 (1.0e-04)
327.045 .... 815 packets received, 5109 bps, 63.87%, Err 259 (9.9e-05)
329.167 .... 818 packets received, 5095 bps, 63.69%, Err 263 (1.0e-04)
334.747 .... 824 packets received, 5047 bps, 63.09%, Err 266 (9.9e-05)
338.451 .... 838 packets received, 5076 bps, 63.45%, Err 270 (1.0e-04)
340.572 .... 845 packets received, 5087 bps, 63.59%, Err 270 (9.9e-05)
345.871 .... 849 packets received, 5033 bps, 62.91%, Err 278 (1.0e-04)
349.315 .... 852 packets received, 5000 bps, 62.51%, Err 281 (1.0e-04)
352.490 .... 862 packets received, 5014 bps, 62.67%, Err 284 (1.0e-04)
355.935 .... 870 packets received, 5011 bps, 62.64%, Err 285 (1.0e-04)
359.383 .... 880 packets received, 5020 bps, 62.75%, Err 287 (1.0e-04)
364.946 .... 888 packets received, 4988 bps, 62.35%, Err 293 (1.0e-04)
368.649 .... 892 packets received, 4960 bps, 62.00%, Err 294 (1.0e-04)
371.810 .... 897 packets received, 4946 bps, 61.82%, Err 297 (1.0e-04)
375.262 .... 908 packets received, 4960 bps, 62.00%, Err 300 (1.0e-04)
378.700 .... 917 packets received, 4964 bps, 62.05%, Err 305 (1.0e-04)
380.836 .... 927 packets received, 4990 bps, 62.37%, Err 305 (1.0e-04)
382.956 .... 930 packets received, 4978 bps, 62.23%, Err 307 (1.0e-04)
386.677 .... 940 packets received, 4983 bps, 62.29%, Err 310 (1.0e-04)
389.841 .... 944 packets received, 4964 bps, 62.05%, Err 312 (1.0e-04)
393.020 .... 953 packets received, 4971 bps, 62.13%, Err 316 (1.0e-04)
396.190 .... 958 packets received, 4957 bps, 61.96%, Err 318 (1.0e-04)
400.179 .... 963 packets received, 4933 bps, 61.66%, Err 322 (1.0e-04)
403.340 .... 976 packets received, 4960 bps, 62.00%, Err 325 (1.0e-04)
406.532 .... 980 packets received, 4941 bps, 61.77%, Err 326 (1.0e-04)
408.640 .... 994 packets received, 4986 bps, 62.33%, Err 329 (1.0e-04)
410.763 .... 1002 packets received, 5000 bps, 62.50%, Err 329 (1.0e-04)
413.396 .... 1007 packets received, 4993 bps, 62.42%, Err 330 (1.0e-04)
416.050 .... 1014 packets received, 4996 bps, 62.45%, Err 332 (1.0e-04)
419.242 .... 1024 packets received, 5007 bps, 62.58%, Err 335 (1.0e-04)
