000.000 =============================================================
000.000                     Station B                               
000.000 -------------------------------------------------------------
000.000 Protocol.lib, version 4.0, jiangyanjun0718@bupt.edu.cn
000.000 Channel: 8000 bps, 270 ms propagation delay, bit error rate 1.0E-04
000.000 Log file "datalink-B.log", TCP port 59144, debug mask 0x00
000.000 Station B is connecting station A (TCP port 59144) ... Done.
000.339 New epoch: Tue Nov 27 22:07:00 2018
000.339 =================================================================
000.339 
000.339 Designed by ’≈…‹¿⁄, build: Nov 27 2018  20:55:43
004.070 .... 7 packets received, 4143 bps, 51.79%, Err 2 (7.2e-05)
010.904 .... 14 packets received, 2785 bps, 34.82%, Err 7 (1.0e-04)
013.046 .... 22 packets received, 3623 bps, 45.29%, Err 8 (9.3e-05)
015.453 .... 26 packets received, 3587 bps, 44.84%, Err 10 (9.5e-05)
021.199 .... 28 packets received, 2785 bps, 34.81%, Err 12 (8.9e-05)
023.325 .... 30 packets received, 2705 bps, 33.81%, Err 15 (9.9e-05)
025.484 .... 33 packets received, 2717 bps, 33.96%, Err 18 (1.1e-04)
027.613 .... 35 packets received, 2655 bps, 33.18%, Err 21 (1.1e-04)
029.750 .... 38 packets received, 2671 bps, 33.38%, Err 21 (1.0e-04)
033.262 .... 46 packets received, 2885 bps, 36.07%, Err 23 (1.0e-04)
036.456 .... 53 packets received, 3028 bps, 37.85%, Err 27 (1.1e-04)
042.176 .... 56 packets received, 2759 bps, 34.49%, Err 30 (1.1e-04)
044.303 .... 59 packets received, 2765 bps, 34.57%, Err 32 (1.1e-04)
046.731 .... 61 packets received, 2709 bps, 33.86%, Err 33 (1.0e-04)
048.871 .... 69 packets received, 2928 bps, 36.60%, Err 34 (1.0e-04)
051.012 .... 72 packets received, 2926 bps, 36.57%, Err 37 (1.1e-04)
053.141 .... 80 packets received, 3119 bps, 38.99%, Err 38 (1.0e-04)
055.276 .... 82 packets received, 3072 bps, 38.40%, Err 40 (1.0e-04)
057.414 .... 85 packets received, 3065 bps, 38.31%, Err 42 (1.1e-04)
059.557 .... 93 packets received, 3231 bps, 40.39%, Err 42 (1.0e-04)
061.675 .... 100 packets received, 3354 bps, 41.92%, Err 42 (9.8e-05)
063.828 .... 104 packets received, 3369 bps, 42.11%, Err 44 (9.8e-05)
065.953 .... 108 packets received, 3385 bps, 42.31%, Err 46 (9.9e-05)
069.292 .... 111 packets received, 3310 bps, 41.37%, Err 48 (9.8e-05)
073.067 .... 118 packets received, 3335 bps, 41.69%, Err 51 (9.9e-05)
076.536 .... 121 packets received, 3264 bps, 40.80%, Err 54 (1.0e-04)
078.679 .... 125 packets received, 3279 bps, 40.99%, Err 55 (9.8e-05)
085.518 .... 132 packets received, 3184 bps, 39.80%, Err 62 (1.0e-04)
089.523 .... 139 packets received, 3202 bps, 40.02%, Err 65 (1.0e-04)
091.660 .... 140 packets received, 3149 bps, 39.36%, Err 66 (1.0e-04)
093.799 .... 142 packets received, 3121 bps, 39.01%, Err 70 (1.1e-04)
096.212 .... 143 packets received, 3063 bps, 38.29%, Err 70 (1.0e-04)
098.354 .... 146 packets received, 3059 bps, 38.24%, Err 72 (1.0e-04)
100.476 .... 149 packets received, 3056 bps, 38.20%, Err 73 (1.0e-04)
104.289 .... 154 packets received, 3042 bps, 38.03%, Err 75 (1.0e-04)
107.486 .... 157 packets received, 3008 bps, 37.61%, Err 79 (1.0e-04)
109.910 .... 159 packets received, 2979 bps, 37.24%, Err 80 (1.0e-04)
114.204 .... 166 packets received, 2993 bps, 37.41%, Err 82 (1.0e-04)
116.334 .... 174 packets received, 3079 bps, 38.49%, Err 82 (9.9e-05)
119.660 .... 177 packets received, 3045 bps, 38.06%, Err 86 (1.0e-04)
122.089 .... 182 packets received, 3068 bps, 38.35%, Err 88 (1.0e-04)
125.840 .... 189 packets received, 3091 bps, 38.64%, Err 90 (1.0e-04)
129.708 .... 194 packets received, 3078 bps, 38.47%, Err 94 (1.0e-04)
131.835 .... 198 packets received, 3090 bps, 38.63%, Err 96 (1.0e-04)
133.975 .... 204 packets received, 3133 bps, 39.16%, Err 96 (1.0e-04)
136.114 .... 211 packets received, 3189 bps, 39.86%, Err 96 (9.9e-05)
138.777 .... 215 packets received, 3187 bps, 39.84%, Err 100 (1.0e-04)
140.946 .... 218 packets received, 3181 bps, 39.77%, Err 101 (1.0e-04)
143.069 .... 225 packets received, 3235 bps, 40.43%, Err 101 (9.9e-05)
145.206 .... 228 packets received, 3229 bps, 40.37%, Err 102 (9.9e-05)
153.496 .... 231 packets received, 3094 bps, 38.68%, Err 112 (1.0e-04)
155.776 .... 232 packets received, 3062 bps, 38.28%, Err 113 (1.0e-04)
161.593 .... 233 packets received, 2964 bps, 37.05%, Err 117 (1.0e-04)
163.721 .... 241 packets received, 3026 bps, 37.82%, Err 117 (1.0e-04)
166.407 .... 244 packets received, 3014 bps, 37.67%, Err 118 (1.0e-04)
168.535 .... 252 packets received, 3073 bps, 38.42%, Err 120 (1.0e-04)
173.751 .... 253 packets received, 2993 bps, 37.41%, Err 123 (1.0e-04)
179.626 .... 255 packets received, 2917 bps, 36.47%, Err 128 (1.0e-04)
181.757 .... 257 packets received, 2906 bps, 36.32%, Err 129 (1.0e-04)
184.133 .... 258 packets received, 2879 bps, 35.99%, Err 132 (1.0e-04)
187.628 .... 265 packets received, 2902 bps, 36.27%, Err 133 (1.0e-04)
189.736 .... 272 packets received, 2945 bps, 36.82%, Err 133 (1.0e-04)
191.859 .... 280 packets received, 2998 bps, 37.48%, Err 133 (1.0e-04)
193.997 .... 283 packets received, 2997 bps, 37.46%, Err 135 (1.0e-04)
197.197 .... 290 packets received, 3021 bps, 37.76%, Err 139 (1.0e-04)
202.661 .... 292 packets received, 2960 bps, 37.00%, Err 144 (1.0e-04)
205.073 .... 297 packets received, 2975 bps, 37.19%, Err 146 (1.0e-04)
208.220 .... 300 packets received, 2959 bps, 36.99%, Err 148 (1.0e-04)
210.376 .... 304 packets received, 2968 bps, 37.10%, Err 150 (1.0e-04)
212.499 .... 307 packets received, 2967 bps, 37.09%, Err 151 (1.0e-04)
214.641 .... 310 packets received, 2966 bps, 37.08%, Err 153 (1.0e-04)
218.373 .... 314 packets received, 2953 bps, 36.91%, Err 155 (1.0e-04)
221.058 .... 320 packets received, 2973 bps, 37.16%, Err 156 (1.0e-04)
223.183 .... 328 packets received, 3018 bps, 37.73%, Err 156 (1.0e-04)
225.292 .... 332 packets received, 3026 bps, 37.83%, Err 158 (1.0e-04)
227.973 .... 338 packets received, 3045 bps, 38.06%, Err 161 (1.0e-04)
230.095 .... 346 packets received, 3088 bps, 38.60%, Err 161 (1.0e-04)
235.203 .... 348 packets received, 3038 bps, 37.98%, Err 164 (1.0e-04)
237.347 .... 351 packets received, 3036 bps, 37.96%, Err 165 (1.0e-04)
241.315 .... 356 packets received, 3029 bps, 37.86%, Err 168 (1.0e-04)
243.460 .... 364 packets received, 3070 bps, 38.37%, Err 170 (1.0e-04)
245.617 .... 366 packets received, 3059 bps, 38.24%, Err 171 (1.0e-04)
247.728 .... 370 packets received, 3066 bps, 38.33%, Err 173 (1.0e-04)
249.963 .... 377 packets received, 3096 bps, 38.70%, Err 173 (9.9e-05)
253.710 .... 380 packets received, 3075 bps, 38.44%, Err 177 (1.0e-04)
256.648 .... 385 packets received, 3080 bps, 38.49%, Err 180 (1.0e-04)
260.908 .... 391 packets received, 3076 bps, 38.45%, Err 182 (1.0e-04)
263.021 .... 394 packets received, 3075 bps, 38.44%, Err 184 (1.0e-04)
268.448 .... 396 packets received, 3028 bps, 37.85%, Err 188 (1.0e-04)
270.608 .... 401 packets received, 3042 bps, 38.02%, Err 189 (1.0e-04)
273.242 .... 406 packets received, 3050 bps, 38.12%, Err 191 (1.0e-04)
276.454 .... 410 packets received, 3044 bps, 38.05%, Err 194 (1.0e-04)
278.638 .... 412 packets received, 3035 bps, 37.94%, Err 197 (1.0e-04)
280.752 .... 420 packets received, 3070 bps, 38.38%, Err 197 (1.0e-04)
284.203 .... 425 packets received, 3069 bps, 38.36%, Err 199 (1.0e-04)
286.693 .... 428 packets received, 3064 bps, 38.30%, Err 201 (1.0e-04)
291.834 .... 429 packets received, 3017 bps, 37.71%, Err 205 (1.0e-04)
296.353 .... 432 packets received, 2992 bps, 37.39%, Err 209 (1.0e-04)
298.506 .... 436 packets received, 2997 bps, 37.47%, Err 211 (1.0e-04)
301.935 .... 443 packets received, 3011 bps, 37.64%, Err 212 (1.0e-04)
307.643 .... 446 packets received, 2975 bps, 37.19%, Err 216 (1.0e-04)
309.783 .... 454 packets received, 3007 bps, 37.59%, Err 217 (1.0e-04)
311.907 .... 460 packets received, 3026 bps, 37.83%, Err 218 (1.0e-04)
314.041 .... 462 packets received, 3019 bps, 37.73%, Err 220 (1.0e-04)
319.498 .... 464 packets received, 2980 bps, 37.25%, Err 223 (1.0e-04)
322.453 .... 471 packets received, 2997 bps, 37.46%, Err 225 (1.0e-04)
324.576 .... 475 packets received, 3003 bps, 37.53%, Err 226 (1.0e-04)
326.714 .... 483 packets received, 3033 bps, 37.92%, Err 227 (1.0e-04)
328.818 .... 487 packets received, 3039 bps, 37.99%, Err 229 (1.0e-04)
331.883 .... 492 packets received, 3042 bps, 38.02%, Err 231 (1.0e-04)
334.025 .... 500 packets received, 3071 bps, 38.39%, Err 231 (9.9e-05)
336.977 .... 505 packets received, 3075 bps, 38.43%, Err 235 (1.0e-04)
340.183 .... 512 packets received, 3088 bps, 38.60%, Err 237 (1.0e-04)
342.611 .... 514 packets received, 3078 bps, 38.47%, Err 239 (1.0e-04)
352.959 .... 517 packets received, 3005 bps, 37.56%, Err 245 (1.0e-04)
357.490 .... 525 packets received, 3013 bps, 37.66%, Err 246 (9.9e-05)
359.665 .... 533 packets received, 3040 bps, 38.00%, Err 247 (9.9e-05)
363.111 .... 537 packets received, 3034 bps, 37.92%, Err 251 (9.9e-05)
365.271 .... 545 packets received, 3061 bps, 38.26%, Err 251 (9.9e-05)
368.450 .... 549 packets received, 3057 bps, 38.21%, Err 253 (9.9e-05)
370.608 .... 557 packets received, 3083 bps, 38.54%, Err 256 (9.9e-05)
372.733 .... 559 packets received, 3076 bps, 38.46%, Err 256 (9.9e-05)
376.471 .... 566 packets received, 3084 bps, 38.55%, Err 258 (9.8e-05)
378.868 .... 569 packets received, 3081 bps, 38.51%, Err 262 (9.9e-05)
383.416 .... 571 packets received, 3055 bps, 38.19%, Err 267 (1.0e-04)
385.834 .... 576 packets received, 3062 bps, 38.28%, Err 270 (1.0e-04)
389.582 .... 580 packets received, 3054 bps, 38.17%, Err 274 (1.0e-04)
391.715 .... 584 packets received, 3058 bps, 38.23%, Err 276 (1.0e-04)
393.871 .... 592 packets received, 3083 bps, 38.54%, Err 277 (1.0e-04)
397.367 .... 594 packets received, 3066 bps, 38.33%, Err 280 (1.0e-04)
399.474 .... 597 packets received, 3065 bps, 38.32%, Err 280 (1.0e-04)
405.013 .... 599 packets received, 3033 bps, 37.92%, Err 283 (1.0e-04)
407.698 .... 603 packets received, 3034 bps, 37.92%, Err 285 (1.0e-04)
410.108 .... 606 packets received, 3031 bps, 37.88%, Err 288 (1.0e-04)
412.249 .... 609 packets received, 3030 bps, 37.87%, Err 289 (1.0e-04)
414.373 .... 615 packets received, 3044 bps, 38.05%, Err 289 (9.9e-05)
416.481 .... 618 packets received, 3043 bps, 38.04%, Err 293 (1.0e-04)
420.202 .... 620 packets received, 3026 bps, 37.83%, Err 294 (1.0e-04)
425.661 .... 623 packets received, 3002 bps, 37.52%, Err 298 (1.0e-04)
427.943 .... 626 packets received, 3000 bps, 37.50%, Err 301 (1.0e-04)
433.167 .... 627 packets received, 2969 bps, 37.11%, Err 304 (1.0e-04)
438.931 .... 631 packets received, 2948 bps, 36.85%, Err 307 (1.0e-04)
441.070 .... 635 packets received, 2953 bps, 36.91%, Err 308 (1.0e-04)
443.462 .... 637 packets received, 2946 bps, 36.82%, Err 310 (1.0e-04)
445.618 .... 639 packets received, 2941 bps, 36.76%, Err 314 (1.0e-04)
449.464 .... 644 packets received, 2938 bps, 36.73%, Err 316 (1.0e-04)
451.594 .... 648 packets received, 2943 bps, 36.78%, Err 317 (1.0e-04)
455.296 .... 654 packets received, 2946 bps, 36.82%, Err 319 (1.0e-04)
457.444 .... 662 packets received, 2968 bps, 37.10%, Err 319 (1.0e-04)
459.554 .... 665 packets received, 2968 bps, 37.09%, Err 321 (1.0e-04)
461.697 .... 668 packets received, 2967 bps, 37.09%, Err 323 (1.0e-04)
463.836 .... 676 packets received, 2989 bps, 37.36%, Err 324 (1.0e-04)
465.935 .... 680 packets received, 2993 bps, 37.41%, Err 329 (1.0e-04)
470.698 .... 681 packets received, 2967 bps, 37.09%, Err 332 (1.0e-04)
472.823 .... 683 packets received, 2962 bps, 37.03%, Err 333 (1.0e-04)
474.967 .... 687 packets received, 2966 bps, 37.08%, Err 335 (1.0e-04)
477.093 .... 695 packets received, 2987 bps, 37.34%, Err 336 (1.0e-04)
480.667 .... 699 packets received, 2982 bps, 37.28%, Err 340 (1.0e-04)
482.812 .... 702 packets received, 2982 bps, 37.27%, Err 342 (1.0e-04)
484.965 .... 710 packets received, 3002 bps, 37.53%, Err 342 (1.0e-04)
488.158 .... 713 packets received, 2995 bps, 37.44%, Err 344 (1.0e-04)
492.588 .... 720 packets received, 2997 bps, 37.47%, Err 346 (1.0e-04)
494.714 .... 723 packets received, 2997 bps, 37.46%, Err 347 (1.0e-04)
497.126 .... 729 packets received, 3007 bps, 37.59%, Err 347 (9.9e-05)
503.141 .... 733 packets received, 2987 bps, 37.34%, Err 354 (1.0e-04)
505.276 .... 737 packets received, 2991 bps, 37.39%, Err 356 (1.0e-04)
507.422 .... 745 packets received, 3011 bps, 37.63%, Err 356 (1.0e-04)
509.566 .... 749 packets received, 3014 bps, 37.67%, Err 358 (1.0e-04)
511.958 .... 753 packets received, 3016 bps, 37.70%, Err 360 (1.0e-04)
514.096 .... 756 packets received, 3015 bps, 37.69%, Err 360 (1.0e-04)
516.269 .... 760 packets received, 3018 bps, 37.73%, Err 361 (1.0e-04)
518.391 .... 768 packets received, 3038 bps, 37.97%, Err 361 (9.9e-05)
