000.000 =============================================================
000.000                     Station A                               
000.000 -------------------------------------------------------------
000.000 Protocol.lib, version 4.0, jiangyanjun0718@bupt.edu.cn
000.000 Channel: 8000 bps, 270 ms propagation delay, bit error rate 1.0E-04
000.000 Log file "datalink-A.log", TCP port 59144, debug mask 0x00
000.000 Station A is waiting for station B on TCP port 59144 ... Done.
000.339 New epoch: Tue Nov 27 22:07:00 2018
000.339 =================================================================
000.339 
000.340 Designed by ’≈…‹¿⁄, build: Nov 27 2018  20:55:43
004.075 .... 3 packets received, 1773 bps, 22.16%, Err 5 (1.7e-04)
006.203 .... 11 packets received, 4028 bps, 50.35%, Err 5 (1.1e-04)
009.173 .... 15 packets received, 3588 bps, 44.84%, Err 7 (1.0e-04)
011.284 .... 23 packets received, 4413 bps, 55.16%, Err 8 (9.4e-05)
013.311 .... 24 packets received, 3870 bps, 48.37%, Err 8 (8.3e-05)
020.369 .... 28 packets received, 2902 bps, 36.28%, Err 17 (1.2e-04)
022.498 .... 36 packets received, 3368 bps, 42.11%, Err 18 (1.2e-04)
025.181 .... 37 packets received, 3084 bps, 38.55%, Err 19 (1.1e-04)
030.861 .... 40 packets received, 2708 bps, 33.85%, Err 23 (1.1e-04)
033.551 .... 46 packets received, 2860 bps, 35.75%, Err 24 (1.1e-04)
035.678 .... 54 packets received, 3154 bps, 39.42%, Err 24 (9.8e-05)
038.058 .... 62 packets received, 3391 bps, 42.39%, Err 24 (9.2e-05)
040.470 .... 64 packets received, 3288 bps, 41.10%, Err 28 (1.0e-04)
044.589 .... 68 packets received, 3167 bps, 39.58%, Err 31 (1.0e-04)
046.733 .... 76 packets received, 3375 bps, 42.18%, Err 31 (9.5e-05)
048.871 .... 79 packets received, 3352 bps, 41.91%, Err 33 (9.7e-05)
052.612 .... 85 packets received, 3348 bps, 41.84%, Err 34 (9.3e-05)
055.262 .... 90 packets received, 3373 bps, 42.16%, Err 37 (9.5e-05)
057.408 .... 94 packets received, 3389 bps, 42.37%, Err 39 (9.6e-05)
059.548 .... 97 packets received, 3371 bps, 42.13%, Err 42 (9.9e-05)
065.299 .... 101 packets received, 3198 bps, 39.97%, Err 45 (9.9e-05)
070.685 .... 104 packets received, 3039 bps, 37.99%, Err 48 (9.9e-05)
072.813 .... 112 packets received, 3177 bps, 39.71%, Err 50 (9.9e-05)
074.921 .... 119 packets received, 3280 bps, 41.00%, Err 50 (9.7e-05)
077.093 .... 127 packets received, 3401 bps, 42.51%, Err 51 (9.5e-05)
079.199 .... 130 packets received, 3388 bps, 42.35%, Err 51 (9.3e-05)
081.867 .... 135 packets received, 3403 bps, 42.53%, Err 52 (9.1e-05)
084.512 .... 141 packets received, 3442 bps, 43.02%, Err 53 (8.9e-05)
087.899 .... 146 packets received, 3425 bps, 42.82%, Err 57 (9.3e-05)
090.062 .... 150 packets received, 3434 bps, 42.93%, Err 58 (9.2e-05)
093.814 .... 154 packets received, 3384 bps, 42.30%, Err 62 (9.5e-05)
095.945 .... 162 packets received, 3480 bps, 43.50%, Err 62 (9.2e-05)
101.915 .... 166 packets received, 3356 bps, 41.95%, Err 67 (9.6e-05)
107.507 .... 168 packets received, 3219 bps, 40.23%, Err 73 (1.0e-04)
109.938 .... 173 packets received, 3241 bps, 40.51%, Err 74 (9.9e-05)
115.679 .... 175 packets received, 3115 bps, 38.93%, Err 81 (1.0e-04)
118.080 .... 180 packets received, 3138 bps, 39.23%, Err 83 (1.0e-04)
122.102 .... 183 packets received, 3085 bps, 38.56%, Err 88 (1.1e-04)
127.586 .... 185 packets received, 2984 bps, 37.30%, Err 98 (1.1e-04)
131.832 .... 192 packets received, 2997 bps, 37.46%, Err 104 (1.2e-04)
135.304 .... 194 packets received, 2950 bps, 36.87%, Err 106 (1.1e-04)
137.442 .... 197 packets received, 2949 bps, 36.86%, Err 107 (1.1e-04)
140.388 .... 200 packets received, 2930 bps, 36.63%, Err 108 (1.1e-04)
142.530 .... 208 packets received, 3002 bps, 37.52%, Err 108 (1.1e-04)
144.635 .... 216 packets received, 3071 bps, 38.39%, Err 108 (1.1e-04)
147.064 .... 221 packets received, 3090 bps, 38.63%, Err 109 (1.1e-04)
149.183 .... 224 packets received, 3088 bps, 38.60%, Err 110 (1.1e-04)
156.693 .... 230 packets received, 3018 bps, 37.72%, Err 114 (1.1e-04)
159.515 .... 237 packets received, 3055 bps, 38.18%, Err 114 (1.0e-04)
163.992 .... 244 packets received, 3059 bps, 38.23%, Err 117 (1.0e-04)
166.123 .... 252 packets received, 3118 bps, 38.98%, Err 117 (1.0e-04)
168.295 .... 255 packets received, 3114 bps, 38.93%, Err 119 (1.0e-04)
171.775 .... 262 packets received, 3135 bps, 39.19%, Err 121 (1.0e-04)
177.626 .... 266 packets received, 3078 bps, 38.47%, Err 127 (1.0e-04)
182.003 .... 274 packets received, 3094 bps, 38.67%, Err 131 (1.1e-04)
184.163 .... 277 packets received, 3091 bps, 38.63%, Err 131 (1.0e-04)
186.257 .... 279 packets received, 3078 bps, 38.47%, Err 134 (1.1e-04)
188.413 .... 282 packets received, 3075 bps, 38.44%, Err 135 (1.0e-04)
191.579 .... 289 packets received, 3099 bps, 38.74%, Err 138 (1.0e-04)
193.743 .... 293 packets received, 3107 bps, 38.84%, Err 139 (1.0e-04)
195.868 .... 301 packets received, 3157 bps, 39.46%, Err 139 (1.0e-04)
197.996 .... 309 packets received, 3206 bps, 40.08%, Err 139 (1.0e-04)
200.664 .... 312 packets received, 3194 bps, 39.93%, Err 143 (1.0e-04)
206.105 .... 313 packets received, 3119 bps, 38.99%, Err 145 (1.0e-04)
208.249 .... 315 packets received, 3107 bps, 38.84%, Err 149 (1.0e-04)
210.375 .... 322 packets received, 3144 bps, 39.30%, Err 149 (1.0e-04)
212.499 .... 325 packets received, 3141 bps, 39.27%, Err 151 (1.0e-04)
216.252 .... 333 packets received, 3163 bps, 39.53%, Err 153 (1.0e-04)
218.409 .... 336 packets received, 3159 bps, 39.49%, Err 154 (1.0e-04)
220.819 .... 340 packets received, 3162 bps, 39.53%, Err 155 (1.0e-04)
222.974 .... 348 packets received, 3205 bps, 40.06%, Err 155 (1.0e-04)
225.098 .... 352 packets received, 3211 bps, 40.14%, Err 157 (1.0e-04)
227.222 .... 360 packets received, 3253 bps, 40.67%, Err 157 (9.9e-05)
229.343 .... 368 packets received, 3295 bps, 41.19%, Err 157 (9.8e-05)
233.044 .... 375 packets received, 3304 bps, 41.30%, Err 162 (1.0e-04)
235.171 .... 379 packets received, 3309 bps, 41.36%, Err 164 (1.0e-04)
238.920 .... 384 packets received, 3300 bps, 41.25%, Err 166 (9.9e-05)
241.050 .... 392 packets received, 3339 bps, 41.74%, Err 166 (9.8e-05)
247.276 .... 395 packets received, 3280 bps, 40.99%, Err 170 (9.9e-05)
249.405 .... 399 packets received, 3284 bps, 41.06%, Err 171 (9.9e-05)
251.803 .... 403 packets received, 3286 bps, 41.07%, Err 173 (9.9e-05)
253.942 .... 405 packets received, 3274 bps, 40.93%, Err 175 (9.9e-05)
256.400 .... 410 packets received, 3283 bps, 41.03%, Err 179 (1.0e-04)
262.357 .... 411 packets received, 3216 bps, 40.20%, Err 186 (1.0e-04)
264.368 .... 418 packets received, 3246 bps, 40.57%, Err 186 (1.0e-04)
266.760 .... 420 packets received, 3232 bps, 40.40%, Err 187 (1.0e-04)
270.835 .... 426 packets received, 3229 bps, 40.36%, Err 189 (1.0e-04)
272.995 .... 434 packets received, 3263 bps, 40.79%, Err 189 (1.0e-04)
275.121 .... 437 packets received, 3260 bps, 40.75%, Err 191 (1.0e-04)
278.863 .... 443 packets received, 3261 bps, 40.76%, Err 193 (9.9e-05)
284.300 .... 444 packets received, 3205 bps, 40.07%, Err 195 (9.9e-05)
286.437 .... 447 packets received, 3203 bps, 40.04%, Err 197 (9.9e-05)
288.595 .... 455 packets received, 3236 bps, 40.45%, Err 198 (9.9e-05)
290.945 .... 459 packets received, 3238 bps, 40.47%, Err 199 (9.8e-05)
294.233 .... 463 packets received, 3229 bps, 40.37%, Err 200 (9.8e-05)
296.380 .... 471 packets received, 3261 bps, 40.77%, Err 200 (9.7e-05)
298.487 .... 476 packets received, 3273 bps, 40.91%, Err 201 (9.7e-05)
301.648 .... 479 packets received, 3259 bps, 40.73%, Err 206 (9.8e-05)
303.801 .... 487 packets received, 3290 bps, 41.12%, Err 206 (9.7e-05)
305.955 .... 489 packets received, 3280 bps, 41.00%, Err 208 (9.8e-05)
309.772 .... 494 packets received, 3272 bps, 40.91%, Err 213 (9.9e-05)
311.902 .... 496 packets received, 3263 bps, 40.79%, Err 216 (1.0e-04)
315.358 .... 501 packets received, 3260 bps, 40.75%, Err 220 (1.0e-04)
317.764 .... 503 packets received, 3248 bps, 40.60%, Err 221 (1.0e-04)
319.912 .... 507 packets received, 3252 bps, 40.65%, Err 222 (1.0e-04)
322.051 .... 515 packets received, 3281 bps, 41.02%, Err 223 (9.9e-05)
324.147 .... 517 packets received, 3273 bps, 40.91%, Err 224 (9.9e-05)
326.299 .... 521 packets received, 3276 bps, 40.95%, Err 228 (1.0e-04)
329.490 .... 526 packets received, 3276 bps, 40.94%, Err 230 (1.0e-04)
331.623 .... 529 packets received, 3273 bps, 40.91%, Err 232 (1.0e-04)
333.763 .... 532 packets received, 3270 bps, 40.88%, Err 234 (1.0e-04)
335.910 .... 540 packets received, 3298 bps, 41.23%, Err 234 (9.9e-05)
338.063 .... 543 packets received, 3295 bps, 41.19%, Err 236 (9.9e-05)
340.738 .... 548 packets received, 3300 bps, 41.25%, Err 237 (9.9e-05)
342.885 .... 552 packets received, 3303 bps, 41.29%, Err 241 (1.0e-04)
346.082 .... 556 packets received, 3296 bps, 41.20%, Err 243 (1.0e-04)
348.219 .... 564 packets received, 3323 bps, 41.54%, Err 243 (9.9e-05)
355.113 .... 569 packets received, 3287 bps, 41.09%, Err 249 (1.0e-04)
357.258 .... 573 packets received, 3290 bps, 41.13%, Err 252 (1.0e-04)
360.676 .... 579 packets received, 3293 bps, 41.17%, Err 254 (1.0e-04)
362.818 .... 581 packets received, 3285 bps, 41.06%, Err 256 (1.0e-04)
365.246 .... 586 packets received, 3291 bps, 41.14%, Err 260 (1.0e-04)
367.373 .... 589 packets received, 3289 bps, 41.11%, Err 260 (1.0e-04)
370.839 .... 596 packets received, 3297 bps, 41.21%, Err 262 (1.0e-04)
374.594 .... 603 packets received, 3302 bps, 41.28%, Err 263 (1.0e-04)
378.352 .... 608 packets received, 3296 bps, 41.20%, Err 265 (1.0e-04)
381.015 .... 609 packets received, 3279 bps, 40.98%, Err 266 (9.9e-05)
383.155 .... 612 packets received, 3276 bps, 40.96%, Err 268 (1.0e-04)
385.553 .... 618 packets received, 3288 bps, 41.10%, Err 270 (1.0e-04)
389.026 .... 620 packets received, 3269 bps, 40.86%, Err 273 (1.0e-04)
391.725 .... 622 packets received, 3257 bps, 40.71%, Err 274 (1.0e-04)
393.886 .... 630 packets received, 3281 bps, 41.01%, Err 275 (9.9e-05)
399.032 .... 631 packets received, 3244 bps, 40.54%, Err 279 (1.0e-04)
404.594 .... 635 packets received, 3219 bps, 40.24%, Err 285 (1.0e-04)
407.181 .... 642 packets received, 3234 bps, 40.42%, Err 285 (1.0e-04)
409.561 .... 649 packets received, 3250 bps, 40.63%, Err 285 (1.0e-04)
412.229 .... 651 packets received, 3239 bps, 40.49%, Err 289 (1.0e-04)
414.373 .... 659 packets received, 3262 bps, 40.77%, Err 289 (1.0e-04)
418.075 .... 666 packets received, 3267 bps, 40.84%, Err 292 (1.0e-04)
420.214 .... 669 packets received, 3265 bps, 40.82%, Err 294 (1.0e-04)
422.624 .... 670 packets received, 3251 bps, 40.64%, Err 296 (1.0e-04)
426.092 .... 673 packets received, 3239 bps, 40.49%, Err 300 (1.0e-04)
429.533 .... 678 packets received, 3237 bps, 40.47%, Err 303 (1.0e-04)
431.681 .... 686 packets received, 3259 bps, 40.74%, Err 303 (1.0e-04)
433.778 .... 694 packets received, 3281 bps, 41.02%, Err 303 (1.0e-04)
437.162 .... 699 packets received, 3279 bps, 40.99%, Err 307 (1.0e-04)
441.316 .... 702 packets received, 3262 bps, 40.78%, Err 311 (1.0e-04)
447.338 .... 707 packets received, 3241 bps, 40.52%, Err 315 (1.0e-04)
449.464 .... 709 packets received, 3235 bps, 40.44%, Err 315 (1.0e-04)
451.587 .... 715 packets received, 3247 bps, 40.59%, Err 315 (1.0e-04)
454.793 .... 718 packets received, 3238 bps, 40.47%, Err 319 (1.0e-04)
457.441 .... 725 packets received, 3250 bps, 40.63%, Err 320 (1.0e-04)
459.564 .... 733 packets received, 3271 bps, 40.89%, Err 321 (1.0e-04)
465.005 .... 734 packets received, 3237 bps, 40.46%, Err 325 (1.0e-04)
467.146 .... 742 packets received, 3257 bps, 40.72%, Err 326 (1.0e-04)
469.259 .... 750 packets received, 3278 bps, 40.97%, Err 326 (1.0e-04)
471.359 .... 758 packets received, 3298 bps, 41.22%, Err 326 (9.9e-05)
478.271 .... 761 packets received, 3263 bps, 40.79%, Err 331 (1.0e-04)
480.400 .... 769 packets received, 3283 bps, 41.03%, Err 332 (9.9e-05)
482.526 .... 770 packets received, 3272 bps, 40.90%, Err 332 (9.9e-05)
484.682 .... 774 packets received, 3275 bps, 40.93%, Err 333 (9.9e-05)
490.180 .... 777 packets received, 3250 bps, 40.63%, Err 340 (1.0e-04)
494.983 .... 785 packets received, 3252 bps, 40.65%, Err 343 (1.0e-04)
497.113 .... 789 packets received, 3255 bps, 40.68%, Err 345 (1.0e-04)
502.535 .... 792 packets received, 3232 bps, 40.39%, Err 351 (1.0e-04)
505.561 .... 796 packets received, 3228 bps, 40.36%, Err 352 (1.0e-04)
507.702 .... 800 packets received, 3231 bps, 40.39%, Err 353 (1.0e-04)
509.851 .... 808 packets received, 3250 bps, 40.62%, Err 353 (1.0e-04)
513.869 .... 811 packets received, 3236 bps, 40.45%, Err 357 (1.0e-04)
516.028 .... 816 packets received, 3242 bps, 40.53%, Err 359 (1.0e-04)
519.492 .... 824 packets received, 3252 bps, 40.65%, Err 361 (1.0e-04)
520.792 TCP Disconnected.
